<?xml version="1.0" encoding="UTF-8"?>
<!-- Generated by org.testng.reporters.JUnitReportReporter -->
<testsuite hostname="RAHUL-VAIO" failures="0" tests="1" name="rahulOrganization.Testmaven.AppTest" time="0.007" errors="0" timestamp="2021-03-07T21:50:34 IST" skipped="0">
  <testcase classname="rahulOrganization.Testmaven.AppTest" name="testApp" time="0.007"/>
  <system-out/>
</testsuite> <!-- rahulOrganization.Testmaven.AppTest -->
