<?xml version="1.0" encoding="UTF-8"?>
<!-- Generated by org.testng.reporters.JUnitReportReporter -->
<testsuite hostname="RAHUL-VAIO" failures="0" tests="2" name="rahulOrganization.Testmaven.testingramework" time="106.997" errors="0" timestamp="2021-03-10T22:22:15 IST" skipped="0">
  <testcase classname="rahulOrganization.Testmaven.testingramework" name="add" time="0.008"/>
  <system-out/>
  <testcase classname="rahulOrganization.Testmaven.testingramework" name="firsttest" time="106.989"/>
  <system-out/>
</testsuite> <!-- rahulOrganization.Testmaven.testingramework -->
