<?xml version="1.0" encoding="UTF-8"?>
<!-- Generated by org.testng.reporters.JUnitReportReporter -->
<testsuite hostname="RAHUL-VAIO" failures="0" tests="2" name="TestNg.firsttest" time="0.029" errors="0" timestamp="2021-03-07T14:08:00 IST" skipped="0">
  <testcase classname="TestNg.firsttest" name="demo1" time="0.006"/>
  <system-out/>
  <testcase classname="TestNg.firsttest" name="demo" time="0.023"/>
  <system-out/>
</testsuite> <!-- TestNg.firsttest -->
