<?xml version="1.0" encoding="UTF-8"?>
<!-- Generated by org.testng.reporters.JUnitReportReporter -->
<testsuite hostname="RAHUL-VAIO" failures="0" tests="1" name="TestNg.Class2" time="0.022" errors="0" timestamp="2021-02-10T07:19:38 IST" skipped="0">
  <testcase classname="TestNg.Class2" name="after" time="0.022"/>
  <system-out/>
</testsuite> <!-- TestNg.Class2 -->
