<?xml version="1.0" encoding="UTF-8"?>
<!-- Generated by org.testng.reporters.JUnitReportReporter -->
<testsuite hostname="RAHUL-VAIO" failures="0" tests="1" name="P123456.p123" time="0.003" errors="0" timestamp="2021-03-07T15:47:18 IST" skipped="0">
  <testcase classname="P123456.p123" name="p3" time="0.003"/>
  <system-out/>
</testsuite> <!-- P123456.p123 -->
