<?xml version="1.0" encoding="UTF-8"?>
<!-- Generated by org.testng.reporters.JUnitReportReporter -->
<testsuite hostname="RAHUL-VAIO" failures="0" tests="1" name="P123456.IndvsSA" time="0.039" errors="0" timestamp="2021-03-09T21:27:00 IST" skipped="0">
  <testcase classname="P123456.IndvsSA" name="Dream11" time="0.039"/>
  <system-out/>
</testsuite> <!-- P123456.IndvsSA -->
