<?xml version="1.0" encoding="UTF-8"?>
<!-- Generated by org.testng.reporters.JUnitReportReporter -->
<testsuite hostname="RAHUL-VAIO" failures="0" tests="1" name="rahulOrganization.BhimanP.Masters" time="39.027" errors="0" timestamp="2021-03-11T21:51:25 IST" skipped="0">
  <testcase classname="rahulOrganization.BhimanP.Masters" name="login" time="39.027"/>
  <system-out/>
</testsuite> <!-- rahulOrganization.BhimanP.Masters -->
