<?xml version="1.0" encoding="UTF-8"?>
<!-- Generated by org.testng.reporters.JUnitReportReporter -->
<testsuite hostname="RAHUL-VAIO" failures="0" tests="2" name="rahulOrganization.Testmaven.testingramework" time="16.349" errors="0" timestamp="2021-03-10T21:24:33 IST" skipped="0">
  <testcase classname="rahulOrganization.Testmaven.testingramework" name="add" time="0.018"/>
  <system-out/>
  <testcase classname="rahulOrganization.Testmaven.testingramework" name="firsttest" time="16.331"/>
  <system-out/>
</testsuite> <!-- rahulOrganization.Testmaven.testingramework -->
